# JRE version: Java(TM) SE Runtime Environment (17.0.6+9) (build 17.0.6+9-LTS-190)
# Java VM: Java HotSpot(TM) 64-Bit Server VM (17.0.6+9-LTS-190, mixed mode, sharing, tiered, compressed oops, compressed class ptrs, g1 gc, windows-amd64)
GC Precious Log:
 CPUs: 4 total, 4 available
 Memory: 3970M
 Large Page Support: Disabled
 NUMA Support: Disabled
 Compressed Oops: Enabled (32-bit)
 Heap Region Size: 1M
 Heap Min Capacity: 8M
 Heap Initial Capacity: 64M
 Heap Max Capacity: 994M
 Pre-touch: Disabled
 Parallel Workers: 4
 Concurrent Workers: 1
 Concurrent Refinement Workers: 4
 Periodic GC: Disabled
Heap:
 garbage-first heap   total 65536K, used 25297K [0x00000000c1e00000, 0x0000000100000000)
  region size 1024K, 18 young (18432K), 4 survivors (4096K)
 Metaspace       used 18703K, committed 18944K, reserved 1073152K
  class space    used 2293K, committed 2432K, reserved 1048576K
GC Heap History (8 events):
Event: 4.503 GC heap before
{Heap before GC invocations=0 (full 0):
 garbage-first heap   total 65536K, used 13312K [0x00000000c1e00000, 0x0000000100000000)
  region size 1024K, 13 young (13312K), 0 survivors (0K)
 Metaspace       used 3179K, committed 3328K, reserved 1056768K
  class space    used 319K, committed 384K, reserved 1048576K
}
Event: 4.527 GC heap after
{Heap after GC invocations=1 (full 0):
 garbage-first heap   total 65536K, used 6553K [0x00000000c1e00000, 0x0000000100000000)
  region size 1024K, 2 young (2048K), 2 survivors (2048K)
 Metaspace       used 3179K, committed 3328K, reserved 1056768K
  class space    used 319K, committed 384K, reserved 1048576K
}
Event: 5.733 GC heap before
{Heap before GC invocations=1 (full 0):
 garbage-first heap   total 65536K, used 13721K [0x00000000c1e00000, 0x0000000100000000)
  region size 1024K, 10 young (10240K), 2 survivors (2048K)
 Metaspace       used 5849K, committed 6016K, reserved 1056768K
  class space    used 682K, committed 768K, reserved 1048576K
}
Event: 5.741 GC heap after
{Heap after GC invocations=2 (full 0):
 garbage-first heap   total 65536K, used 7622K [0x00000000c1e00000, 0x0000000100000000)
  region size 1024K, 1 young (1024K), 1 survivors (1024K)
 Metaspace       used 5849K, committed 6016K, reserved 1056768K
  class space    used 682K, committed 768K, reserved 1048576K
}
Event: 7.220 GC heap before
{Heap before GC invocations=2 (full 0):
 garbage-first heap   total 65536K, used 29126K [0x00000000c1e00000, 0x0000000100000000)
  region size 1024K, 23 young (23552K), 1 survivors (1024K)
 Metaspace       used 11630K, committed 11840K, reserved 1064960K
  class space    used 1379K, committed 1472K, reserved 1048576K
}
Event: 7.227 GC heap after
{Heap after GC invocations=3 (full 0):
 garbage-first heap   total 65536K, used 9566K [0x00000000c1e00000, 0x0000000100000000)
  region size 1024K, 3 young (3072K), 3 survivors (3072K)
 Metaspace       used 11630K, committed 11840K, reserved 1064960K
  class space    used 1379K, committed 1472K, reserved 1048576K
}
Event: 11.667 GC heap before
{Heap before GC invocations=3 (full 0):
 garbage-first heap   total 65536K, used 38238K [0x00000000c1e00000, 0x0000000100000000)
  region size 1024K, 32 young (32768K), 3 survivors (3072K)
 Metaspace       used 16865K, committed 17088K, reserved 1064960K
  class space    used 2050K, committed 2176K, reserved 1048576K
}
Event: 11.680 GC heap after
{Heap after GC invocations=4 (full 0):
 garbage-first heap   total 65536K, used 11985K [0x00000000c1e00000, 0x0000000100000000)
  region size 1024K, 4 young (4096K), 4 survivors (4096K)
 Metaspace       used 16865K, committed 17088K, reserved 1064960K
  class space    used 2050K, committed 2176K, reserved 1048576K
}

