# JRE version: Java(TM) SE Runtime Environment (17.0.6+9) (build 17.0.6+9-LTS-190)
# Java VM: Java HotSpot(TM) 64-Bit Server VM (17.0.6+9-LTS-190, mixed mode, sharing, tiered, compressed oops, compressed class ptrs, g1 gc, windows-amd64)
GC Precious Log:
 CPUs: 4 total, 4 available
 Memory: 3970M
 Large Page Support: Disabled
 NUMA Support: Disabled
 Compressed Oops: Enabled (32-bit)
 Heap Region Size: 1M
 Heap Min Capacity: 8M
 Heap Initial Capacity: 64M
 Heap Max Capacity: 994M
 Pre-touch: Disabled
 Parallel Workers: 4
 Concurrent Workers: 1
 Concurrent Refinement Workers: 4
 Periodic GC: Disabled
Heap:
 garbage-first heap   total 60416K, used 40076K [0x00000000c1e00000, 0x0000000100000000)
  region size 1024K, 15 young (15360K), 3 survivors (3072K)
 Metaspace       used 63222K, committed 63808K, reserved 1105920K
  class space    used 8935K, committed 9216K, reserved 1048576K
GC Heap History (20 events):
Event: 13.214 GC heap before
{Heap before GC invocations=10 (full 0):
 garbage-first heap   total 51200K, used 38496K [0x00000000c1e00000, 0x0000000100000000)
  region size 1024K, 21 young (21504K), 2 survivors (2048K)
 Metaspace       used 40251K, committed 40704K, reserved 1089536K
  class space    used 5287K, committed 5504K, reserved 1048576K
}
Event: 13.223 GC heap after
{Heap after GC invocations=11 (full 0):
 garbage-first heap   total 51200K, used 20295K [0x00000000c1e00000, 0x0000000100000000)
  region size 1024K, 3 young (3072K), 3 survivors (3072K)
 Metaspace       used 40251K, committed 40704K, reserved 1089536K
  class space    used 5287K, committed 5504K, reserved 1048576K
}
Event: 14.060 GC heap before
{Heap before GC invocations=11 (full 0):
 garbage-first heap   total 51200K, used 36679K [0x00000000c1e00000, 0x0000000100000000)
  region size 1024K, 20 young (20480K), 3 survivors (3072K)
 Metaspace       used 45753K, committed 46208K, reserved 1089536K
  class space    used 6170K, committed 6400K, reserved 1048576K
}
Event: 14.068 GC heap after
{Heap after GC invocations=12 (full 0):
 garbage-first heap   total 51200K, used 21320K [0x00000000c1e00000, 0x0000000100000000)
  region size 1024K, 3 young (3072K), 3 survivors (3072K)
 Metaspace       used 45753K, committed 46208K, reserved 1089536K
  class space    used 6170K, committed 6400K, reserved 1048576K
}
Event: 14.814 GC heap before
{Heap before GC invocations=12 (full 0):
 garbage-first heap   total 51200K, used 37704K [0x00000000c1e00000, 0x0000000100000000)
  region size 1024K, 20 young (20480K), 3 survivors (3072K)
 Metaspace       used 49514K, committed 49984K, reserved 1097728K
  class space    used 6756K, committed 6976K, reserved 1048576K
}
Event: 14.821 GC heap after
{Heap after GC invocations=13 (full 0):
 garbage-first heap   total 51200K, used 21924K [0x00000000c1e00000, 0x0000000100000000)
  region size 1024K, 2 young (2048K), 2 survivors (2048K)
 Metaspace       used 49514K, committed 49984K, reserved 1097728K
  class space    used 6756K, committed 6976K, reserved 1048576K
}
Event: 15.631 GC heap before
{Heap before GC invocations=13 (full 0):
 garbage-first heap   total 51200K, used 40356K [0x00000000c1e00000, 0x0000000100000000)
  region size 1024K, 20 young (20480K), 2 survivors (2048K)
 Metaspace       used 53305K, committed 53824K, reserved 1097728K
  class space    used 7284K, committed 7552K, reserved 1048576K
}
Event: 15.639 GC heap after
{Heap after GC invocations=14 (full 0):
 garbage-first heap   total 51200K, used 23398K [0x00000000c1e00000, 0x0000000100000000)
  region size 1024K, 3 young (3072K), 3 survivors (3072K)
 Metaspace       used 53305K, committed 53824K, reserved 1097728K
  class space    used 7284K, committed 7552K, reserved 1048576K
}
Event: 16.077 GC heap before
{Heap before GC invocations=14 (full 0):
 garbage-first heap   total 51200K, used 40806K [0x00000000c1e00000, 0x0000000100000000)
  region size 1024K, 20 young (20480K), 3 survivors (3072K)
 Metaspace       used 55286K, committed 55744K, reserved 1097728K
  class space    used 7666K, committed 7872K, reserved 1048576K
}
Event: 16.087 GC heap after
{Heap after GC invocations=15 (full 0):
 garbage-first heap   total 51200K, used 24349K [0x00000000c1e00000, 0x0000000100000000)
  region size 1024K, 2 young (2048K), 2 survivors (2048K)
 Metaspace       used 55286K, committed 55744K, reserved 1097728K
  class space    used 7666K, committed 7872K, reserved 1048576K
}
Event: 16.588 GC heap before
{Heap before GC invocations=15 (full 0):
 garbage-first heap   total 51200K, used 38685K [0x00000000c1e00000, 0x0000000100000000)
  region size 1024K, 17 young (17408K), 2 survivors (2048K)
 Metaspace       used 58401K, committed 58880K, reserved 1105920K
  class space    used 8219K, committed 8448K, reserved 1048576K
}
Event: 16.594 GC heap after
{Heap after GC invocations=16 (full 0):
 garbage-first heap   total 51200K, used 25892K [0x00000000c1e00000, 0x0000000100000000)
  region size 1024K, 3 young (3072K), 3 survivors (3072K)
 Metaspace       used 58401K, committed 58880K, reserved 1105920K
  class space    used 8219K, committed 8448K, reserved 1048576K
}
Event: 16.880 GC heap before
{Heap before GC invocations=17 (full 0):
 garbage-first heap   total 51200K, used 40228K [0x00000000c1e00000, 0x0000000100000000)
  region size 1024K, 17 young (17408K), 3 survivors (3072K)
 Metaspace       used 58870K, committed 59392K, reserved 1105920K
  class space    used 8271K, committed 8512K, reserved 1048576K
}
Event: 16.888 GC heap after
{Heap after GC invocations=18 (full 0):
 garbage-first heap   total 51200K, used 26498K [0x00000000c1e00000, 0x0000000100000000)
  region size 1024K, 1 young (1024K), 1 survivors (1024K)
 Metaspace       used 58870K, committed 59392K, reserved 1105920K
  class space    used 8271K, committed 8512K, reserved 1048576K
}
Event: 17.005 GC heap before
{Heap before GC invocations=18 (full 0):
 garbage-first heap   total 51200K, used 40834K [0x00000000c1e00000, 0x0000000100000000)
  region size 1024K, 15 young (15360K), 1 survivors (1024K)
 Metaspace       used 58886K, committed 59392K, reserved 1105920K
  class space    used 8273K, committed 8512K, reserved 1048576K
}
Event: 17.009 GC heap after
{Heap after GC invocations=19 (full 0):
 garbage-first heap   total 51200K, used 27207K [0x00000000c1e00000, 0x0000000100000000)
  region size 1024K, 2 young (2048K), 2 survivors (2048K)
 Metaspace       used 58886K, committed 59392K, reserved 1105920K
  class space    used 8273K, committed 8512K, reserved 1048576K
}
Event: 17.261 GC heap before
{Heap before GC invocations=20 (full 0):
 garbage-first heap   total 60416K, used 40519K [0x00000000c1e00000, 0x0000000100000000)
  region size 1024K, 15 young (15360K), 2 survivors (2048K)
 Metaspace       used 59034K, committed 59584K, reserved 1105920K
  class space    used 8316K, committed 8576K, reserved 1048576K
}
Event: 17.267 GC heap after
{Heap after GC invocations=21 (full 0):
 garbage-first heap   total 60416K, used 27147K [0x00000000c1e00000, 0x0000000100000000)
  region size 1024K, 1 young (1024K), 1 survivors (1024K)
 Metaspace       used 59034K, committed 59584K, reserved 1105920K
  class space    used 8316K, committed 8576K, reserved 1048576K
}
Event: 18.084 GC heap before
{Heap before GC invocations=21 (full 0):
 garbage-first heap   total 60416K, used 47627K [0x00000000c1e00000, 0x0000000100000000)
  region size 1024K, 21 young (21504K), 1 survivors (1024K)
 Metaspace       used 61748K, committed 62272K, reserved 1105920K
  class space    used 8741K, committed 8960K, reserved 1048576K
}
Event: 18.090 GC heap after
{Heap after GC invocations=22 (full 0):
 garbage-first heap   total 60416K, used 28812K [0x00000000c1e00000, 0x0000000100000000)
  region size 1024K, 3 young (3072K), 3 survivors (3072K)
 Metaspace       used 61748K, committed 62272K, reserved 1105920K
  class space    used 8741K, committed 8960K, reserved 1048576K
}

