# JRE version: Java(TM) SE Runtime Environment (17.0.6+9) (build 17.0.6+9-LTS-190)
# Java VM: Java HotSpot(TM) 64-Bit Server VM (17.0.6+9-LTS-190, mixed mode, sharing, tiered, compressed oops, compressed class ptrs, g1 gc, windows-amd64)
GC Precious Log:
 CPUs: 4 total, 4 available
 Memory: 3970M
 Large Page Support: Disabled
 NUMA Support: Disabled
 Compressed Oops: Enabled (32-bit)
 Heap Region Size: 1M
 Heap Min Capacity: 8M
 Heap Initial Capacity: 64M
 Heap Max Capacity: 994M
 Pre-touch: Disabled
 Parallel Workers: 4
 Concurrent Workers: 1
 Concurrent Refinement Workers: 4
 Periodic GC: Disabled
Heap:
 garbage-first heap   total 51200K, used 24468K [0x00000000c1e00000, 0x0000000100000000)
  region size 1024K, 3 young (3072K), 2 survivors (2048K)
 Metaspace       used 55552K, committed 56064K, reserved 1097728K
  class space    used 7694K, committed 7936K, reserved 1048576K
GC Heap History (20 events):
Event: 9.952 GC heap before
{Heap before GC invocations=3 (full 0):
 garbage-first heap   total 65536K, used 39456K [0x00000000c1e00000, 0x0000000100000000)
  region size 1024K, 33 young (33792K), 3 survivors (3072K)
 Metaspace       used 16992K, committed 17280K, reserved 1064960K
  class space    used 2069K, committed 2240K, reserved 1048576K
}
Event: 9.967 GC heap after
{Heap after GC invocations=4 (full 0):
 garbage-first heap   total 65536K, used 12411K [0x00000000c1e00000, 0x0000000100000000)
  region size 1024K, 5 young (5120K), 5 survivors (5120K)
 Metaspace       used 16992K, committed 17280K, reserved 1064960K
  class space    used 2069K, committed 2240K, reserved 1048576K
}
Event: 12.191 GC heap before
{Heap before GC invocations=4 (full 0):
 garbage-first heap   total 65536K, used 35963K [0x00000000c1e00000, 0x0000000100000000)
  region size 1024K, 30 young (30720K), 5 survivors (5120K)
 Metaspace       used 21176K, committed 21504K, reserved 1073152K
  class space    used 2644K, committed 2816K, reserved 1048576K
}
Event: 12.205 GC heap after
{Heap after GC invocations=5 (full 0):
 garbage-first heap   total 65536K, used 13692K [0x00000000c1e00000, 0x0000000100000000)
  region size 1024K, 2 young (2048K), 2 survivors (2048K)
 Metaspace       used 21176K, committed 21504K, reserved 1073152K
  class space    used 2644K, committed 2816K, reserved 1048576K
}
Event: 14.536 GC heap before
{Heap before GC invocations=6 (full 0):
 garbage-first heap   total 51200K, used 41340K [0x00000000c1e00000, 0x0000000100000000)
  region size 1024K, 30 young (30720K), 2 survivors (2048K)
 Metaspace       used 27447K, committed 27840K, reserved 1073152K
  class space    used 3495K, committed 3712K, reserved 1048576K
}
Event: 14.557 GC heap after
{Heap after GC invocations=7 (full 0):
 garbage-first heap   total 51200K, used 16764K [0x00000000c1e00000, 0x0000000100000000)
  region size 1024K, 4 young (4096K), 4 survivors (4096K)
 Metaspace       used 27447K, committed 27840K, reserved 1073152K
  class space    used 3495K, committed 3712K, reserved 1048576K
}
Event: 15.761 GC heap before
{Heap before GC invocations=7 (full 0):
 garbage-first heap   total 51200K, used 36220K [0x00000000c1e00000, 0x0000000100000000)
  region size 1024K, 23 young (23552K), 4 survivors (4096K)
 Metaspace       used 31416K, committed 31872K, reserved 1081344K
  class space    used 4067K, committed 4288K, reserved 1048576K
}
Event: 15.773 GC heap after
{Heap after GC invocations=8 (full 0):
 garbage-first heap   total 51200K, used 18250K [0x00000000c1e00000, 0x0000000100000000)
  region size 1024K, 2 young (2048K), 2 survivors (2048K)
 Metaspace       used 31416K, committed 31872K, reserved 1081344K
  class space    used 4067K, committed 4288K, reserved 1048576K
}
Event: 17.965 GC heap before
{Heap before GC invocations=8 (full 0):
 garbage-first heap   total 51200K, used 31562K [0x00000000c1e00000, 0x0000000100000000)
  region size 1024K, 16 young (16384K), 2 survivors (2048K)
 Metaspace       used 35628K, committed 35968K, reserved 1081344K
  class space    used 4691K, committed 4864K, reserved 1048576K
}
Event: 17.972 GC heap after
{Heap after GC invocations=9 (full 0):
 garbage-first heap   total 51200K, used 18685K [0x00000000c1e00000, 0x0000000100000000)
  region size 1024K, 2 young (2048K), 2 survivors (2048K)
 Metaspace       used 35628K, committed 35968K, reserved 1081344K
  class space    used 4691K, committed 4864K, reserved 1048576K
}
Event: 19.362 GC heap before
{Heap before GC invocations=10 (full 0):
 garbage-first heap   total 51200K, used 38141K [0x00000000c1e00000, 0x0000000100000000)
  region size 1024K, 21 young (21504K), 2 survivors (2048K)
 Metaspace       used 40217K, committed 40704K, reserved 1089536K
  class space    used 5283K, committed 5504K, reserved 1048576K
}
Event: 19.369 GC heap after
{Heap after GC invocations=11 (full 0):
 garbage-first heap   total 51200K, used 20044K [0x00000000c1e00000, 0x0000000100000000)
  region size 1024K, 3 young (3072K), 3 survivors (3072K)
 Metaspace       used 40217K, committed 40704K, reserved 1089536K
  class space    used 5283K, committed 5504K, reserved 1048576K
}
Event: 20.712 GC heap before
{Heap before GC invocations=11 (full 0):
 garbage-first heap   total 51200K, used 36428K [0x00000000c1e00000, 0x0000000100000000)
  region size 1024K, 20 young (20480K), 3 survivors (3072K)
 Metaspace       used 45717K, committed 46144K, reserved 1089536K
  class space    used 6166K, committed 6400K, reserved 1048576K
}
Event: 20.729 GC heap after
{Heap after GC invocations=12 (full 0):
 garbage-first heap   total 51200K, used 20984K [0x00000000c1e00000, 0x0000000100000000)
  region size 1024K, 3 young (3072K), 3 survivors (3072K)
 Metaspace       used 45717K, committed 46144K, reserved 1089536K
  class space    used 6166K, committed 6400K, reserved 1048576K
}
Event: 22.555 GC heap before
{Heap before GC invocations=12 (full 0):
 garbage-first heap   total 51200K, used 39416K [0x00000000c1e00000, 0x0000000100000000)
  region size 1024K, 21 young (21504K), 3 survivors (3072K)
 Metaspace       used 49639K, committed 50176K, reserved 1097728K
  class space    used 6785K, committed 7040K, reserved 1048576K
}
Event: 22.567 GC heap after
{Heap after GC invocations=13 (full 0):
 garbage-first heap   total 51200K, used 21550K [0x00000000c1e00000, 0x0000000100000000)
  region size 1024K, 2 young (2048K), 2 survivors (2048K)
 Metaspace       used 49639K, committed 50176K, reserved 1097728K
  class space    used 6785K, committed 7040K, reserved 1048576K
}
Event: 23.816 GC heap before
{Heap before GC invocations=13 (full 0):
 garbage-first heap   total 51200K, used 39982K [0x00000000c1e00000, 0x0000000100000000)
  region size 1024K, 20 young (20480K), 2 survivors (2048K)
 Metaspace       used 53418K, committed 53888K, reserved 1097728K
  class space    used 7299K, committed 7552K, reserved 1048576K
}
Event: 23.826 GC heap after
{Heap after GC invocations=14 (full 0):
 garbage-first heap   total 51200K, used 23119K [0x00000000c1e00000, 0x0000000100000000)
  region size 1024K, 3 young (3072K), 3 survivors (3072K)
 Metaspace       used 53418K, committed 53888K, reserved 1097728K
  class space    used 7299K, committed 7552K, reserved 1048576K
}
Event: 26.458 GC heap before
{Heap before GC invocations=14 (full 0):
 garbage-first heap   total 51200K, used 40527K [0x00000000c1e00000, 0x0000000100000000)
  region size 1024K, 20 young (20480K), 3 survivors (3072K)
 Metaspace       used 55432K, committed 55936K, reserved 1097728K
  class space    used 7684K, committed 7936K, reserved 1048576K
}
Event: 26.468 GC heap after
{Heap after GC invocations=15 (full 0):
 garbage-first heap   total 51200K, used 24468K [0x00000000c1e00000, 0x0000000100000000)
  region size 1024K, 2 young (2048K), 2 survivors (2048K)
 Metaspace       used 55432K, committed 55936K, reserved 1097728K
  class space    used 7684K, committed 7936K, reserved 1048576K
}

